{"/Users/nrioux/dev/VFRPlanner-plugin/src/services/navigationCalc.ts": {"path":"/Users/nrioux/dev/VFRPlanner-plugin/src/services/navigationCalc.ts","statementMap":{"0":{"start":{"line":6,"column":22},"end":{"line":16,"column":3}},"1":{"start":{"line":7,"column":4},"end":{"line":7,"column":33}},"2":{"start":{"line":7,"column":26},"end":{"line":7,"column":33}},"3":{"start":{"line":8,"column":15},"end":{"line":8,"column":52}},"4":{"start":{"line":9,"column":4},"end":{"line":11,"column":5}},"5":{"start":{"line":10,"column":6},"end":{"line":10,"column":68}},"6":{"start":{"line":10,"column":51},"end":{"line":10,"column":63}},"7":{"start":{"line":12,"column":4},"end":{"line":12,"column":39}},"8":{"start":{"line":14,"column":4},"end":{"line":14,"column":33}},"9":{"start":{"line":14,"column":26},"end":{"line":14,"column":33}},"10":{"start":{"line":15,"column":4},"end":{"line":15,"column":17}},"11":{"start":{"line":17,"column":25},"end":{"line":21,"column":2}},"12":{"start":{"line":18,"column":4},"end":{"line":18,"column":72}},"13":{"start":{"line":20,"column":4},"end":{"line":20,"column":21}},"14":{"start":{"line":22,"column":19},"end":{"line":38,"column":4}},"15":{"start":{"line":23,"column":18},"end":{"line":30,"column":5}},"16":{"start":{"line":24,"column":8},"end":{"line":28,"column":10}},"17":{"start":{"line":25,"column":21},"end":{"line":25,"column":23}},"18":{"start":{"line":26,"column":12},"end":{"line":26,"column":95}},"19":{"start":{"line":26,"column":29},"end":{"line":26,"column":95}},"20":{"start":{"line":26,"column":77},"end":{"line":26,"column":95}},"21":{"start":{"line":27,"column":12},"end":{"line":27,"column":22}},"22":{"start":{"line":29,"column":8},"end":{"line":29,"column":26}},"23":{"start":{"line":31,"column":4},"end":{"line":37,"column":6}},"24":{"start":{"line":32,"column":8},"end":{"line":32,"column":46}},"25":{"start":{"line":32,"column":35},"end":{"line":32,"column":46}},"26":{"start":{"line":33,"column":21},"end":{"line":33,"column":23}},"27":{"start":{"line":34,"column":8},"end":{"line":34,"column":137}},"28":{"start":{"line":34,"column":25},"end":{"line":34,"column":137}},"29":{"start":{"line":34,"column":38},"end":{"line":34,"column":50}},"30":{"start":{"line":34,"column":56},"end":{"line":34,"column":57}},"31":{"start":{"line":34,"column":78},"end":{"line":34,"column":137}},"32":{"start":{"line":34,"column":102},"end":{"line":34,"column":137}},"33":{"start":{"line":35,"column":8},"end":{"line":35,"column":40}},"34":{"start":{"line":36,"column":8},"end":{"line":36,"column":22}},"35":{"start":{"line":39,"column":0},"end":{"line":39,"column":62}},"36":{"start":{"line":40,"column":0},"end":{"line":40,"column":44}},"37":{"start":{"line":41,"column":0},"end":{"line":41,"column":46}},"38":{"start":{"line":42,"column":0},"end":{"line":42,"column":58}},"39":{"start":{"line":43,"column":0},"end":{"line":43,"column":64}},"40":{"start":{"line":44,"column":0},"end":{"line":44,"column":52}},"41":{"start":{"line":45,"column":0},"end":{"line":45,"column":36}},"42":{"start":{"line":46,"column":0},"end":{"line":46,"column":70}},"43":{"start":{"line":47,"column":0},"end":{"line":47,"column":40}},"44":{"start":{"line":48,"column":0},"end":{"line":48,"column":38}},"45":{"start":{"line":49,"column":0},"end":{"line":49,"column":30}},"46":{"start":{"line":50,"column":0},"end":{"line":50,"column":40}},"47":{"start":{"line":51,"column":13},"end":{"line":51,"column":48}},"48":{"start":{"line":56,"column":20},"end":{"line":56,"column":92}},"49":{"start":{"line":58,"column":4},"end":{"line":58,"column":33}},"50":{"start":{"line":64,"column":4},"end":{"line":64,"column":113}},"51":{"start":{"line":75,"column":21},"end":{"line":75,"column":48}},"52":{"start":{"line":76,"column":20},"end":{"line":76,"column":45}},"53":{"start":{"line":78,"column":22},"end":{"line":78,"column":40}},"54":{"start":{"line":80,"column":21},"end":{"line":80,"column":52}},"55":{"start":{"line":82,"column":22},"end":{"line":82,"column":53}},"56":{"start":{"line":83,"column":4},"end":{"line":83,"column":35}},"57":{"start":{"line":90,"column":4},"end":{"line":90,"column":75}},"58":{"start":{"line":97,"column":21},"end":{"line":97,"column":78}},"59":{"start":{"line":100,"column":24},"end":{"line":100,"column":38}},"60":{"start":{"line":101,"column":4},"end":{"line":101,"column":36}},"61":{"start":{"line":107,"column":20},"end":{"line":107,"column":72}},"62":{"start":{"line":108,"column":21},"end":{"line":108,"column":74}},"63":{"start":{"line":111,"column":4},"end":{"line":118,"column":5}},"64":{"start":{"line":112,"column":8},"end":{"line":112,"column":77}},"65":{"start":{"line":113,"column":8},"end":{"line":113,"column":74}},"66":{"start":{"line":116,"column":8},"end":{"line":116,"column":26}},"67":{"start":{"line":117,"column":8},"end":{"line":117,"column":36}},"68":{"start":{"line":119,"column":4},"end":{"line":124,"column":6}},"69":{"start":{"line":130,"column":4},"end":{"line":135,"column":5}},"70":{"start":{"line":131,"column":8},"end":{"line":134,"column":10}},"71":{"start":{"line":136,"column":24},"end":{"line":136,"column":25}},"72":{"start":{"line":137,"column":19},"end":{"line":137,"column":20}},"73":{"start":{"line":138,"column":30},"end":{"line":138,"column":31}},"74":{"start":{"line":139,"column":29},"end":{"line":163,"column":6}},"75":{"start":{"line":140,"column":8},"end":{"line":143,"column":9}},"76":{"start":{"line":142,"column":12},"end":{"line":142,"column":62}},"77":{"start":{"line":144,"column":23},"end":{"line":144,"column":43}},"78":{"start":{"line":145,"column":20},"end":{"line":145,"column":75}},"79":{"start":{"line":146,"column":8},"end":{"line":146,"column":38}},"80":{"start":{"line":147,"column":8},"end":{"line":149,"column":9}},"81":{"start":{"line":148,"column":12},"end":{"line":148,"column":32}},"82":{"start":{"line":151,"column":8},"end":{"line":155,"column":9}},"83":{"start":{"line":152,"column":29},"end":{"line":152,"column":94}},"84":{"start":{"line":154,"column":12},"end":{"line":154,"column":59}},"85":{"start":{"line":156,"column":8},"end":{"line":162,"column":10}},"86":{"start":{"line":165,"column":28},"end":{"line":165,"column":95}},"87":{"start":{"line":166,"column":4},"end":{"line":174,"column":6}},"88":{"start":{"line":180,"column":4},"end":{"line":180,"column":33}},"89":{"start":{"line":186,"column":4},"end":{"line":186,"column":65}},"90":{"start":{"line":192,"column":18},"end":{"line":192,"column":42}},"91":{"start":{"line":193,"column":17},"end":{"line":193,"column":41}},"92":{"start":{"line":194,"column":4},"end":{"line":196,"column":5}},"93":{"start":{"line":195,"column":8},"end":{"line":195,"column":64}},"94":{"start":{"line":197,"column":4},"end":{"line":197,"column":22}},"95":{"start":{"line":203,"column":21},"end":{"line":203,"column":39}},"96":{"start":{"line":204,"column":4},"end":{"line":209,"column":5}},"97":{"start":{"line":205,"column":8},"end":{"line":205,"column":46}},"98":{"start":{"line":207,"column":9},"end":{"line":209,"column":5}},"99":{"start":{"line":208,"column":8},"end":{"line":208,"column":46}},"100":{"start":{"line":210,"column":4},"end":{"line":210,"column":21}}},"fnMap":{"0":{"name":"(anonymous_0)","decl":{"start":{"line":6,"column":74},"end":{"line":6,"column":75}},"loc":{"start":{"line":6,"column":96},"end":{"line":13,"column":1}},"line":6},"1":{"name":"(anonymous_1)","decl":{"start":{"line":10,"column":38},"end":{"line":10,"column":39}},"loc":{"start":{"line":10,"column":49},"end":{"line":10,"column":65}},"line":10},"2":{"name":"(anonymous_2)","decl":{"start":{"line":13,"column":6},"end":{"line":13,"column":7}},"loc":{"start":{"line":13,"column":28},"end":{"line":16,"column":1}},"line":13},"3":{"name":"(anonymous_3)","decl":{"start":{"line":17,"column":80},"end":{"line":17,"column":81}},"loc":{"start":{"line":17,"column":95},"end":{"line":19,"column":1}},"line":17},"4":{"name":"(anonymous_4)","decl":{"start":{"line":19,"column":5},"end":{"line":19,"column":6}},"loc":{"start":{"line":19,"column":20},"end":{"line":21,"column":1}},"line":19},"5":{"name":"(anonymous_5)","decl":{"start":{"line":22,"column":51},"end":{"line":22,"column":52}},"loc":{"start":{"line":22,"column":63},"end":{"line":38,"column":1}},"line":22},"6":{"name":"(anonymous_6)","decl":{"start":{"line":23,"column":18},"end":{"line":23,"column":19}},"loc":{"start":{"line":23,"column":30},"end":{"line":30,"column":5}},"line":23},"7":{"name":"(anonymous_7)","decl":{"start":{"line":24,"column":48},"end":{"line":24,"column":49}},"loc":{"start":{"line":24,"column":61},"end":{"line":28,"column":9}},"line":24},"8":{"name":"(anonymous_8)","decl":{"start":{"line":31,"column":11},"end":{"line":31,"column":12}},"loc":{"start":{"line":31,"column":26},"end":{"line":37,"column":5}},"line":31},"9":{"name":"calculateBearing","decl":{"start":{"line":55,"column":9},"end":{"line":55,"column":25}},"loc":{"start":{"line":55,"column":58},"end":{"line":59,"column":1}},"line":55},"10":{"name":"calculateDistance","decl":{"start":{"line":63,"column":9},"end":{"line":63,"column":26}},"loc":{"start":{"line":63,"column":59},"end":{"line":65,"column":1}},"line":63},"11":{"name":"calculateWindComponents","decl":{"start":{"line":73,"column":9},"end":{"line":73,"column":32}},"loc":{"start":{"line":73,"column":64},"end":{"line":84,"column":1}},"line":73},"12":{"name":"calculateHeadwindComponent","decl":{"start":{"line":89,"column":9},"end":{"line":89,"column":35}},"loc":{"start":{"line":89,"column":67},"end":{"line":91,"column":1}},"line":89},"13":{"name":"calculateGroundSpeed","decl":{"start":{"line":95,"column":9},"end":{"line":95,"column":29}},"loc":{"start":{"line":95,"column":66},"end":{"line":102,"column":1}},"line":95},"14":{"name":"calculateLeg","decl":{"start":{"line":106,"column":9},"end":{"line":106,"column":21}},"loc":{"start":{"line":106,"column":63},"end":{"line":125,"column":1}},"line":106},"15":{"name":"calculateFlightPlanNavigation","decl":{"start":{"line":129,"column":9},"end":{"line":129,"column":38}},"loc":{"start":{"line":129,"column":61},"end":{"line":175,"column":1}},"line":129},"16":{"name":"(anonymous_16)","decl":{"start":{"line":139,"column":43},"end":{"line":139,"column":44}},"loc":{"start":{"line":139,"column":58},"end":{"line":163,"column":5}},"line":139},"17":{"name":"formatDistance","decl":{"start":{"line":179,"column":9},"end":{"line":179,"column":23}},"loc":{"start":{"line":179,"column":28},"end":{"line":181,"column":1}},"line":179},"18":{"name":"formatBearing","decl":{"start":{"line":185,"column":9},"end":{"line":185,"column":22}},"loc":{"start":{"line":185,"column":32},"end":{"line":187,"column":1}},"line":185},"19":{"name":"formatEte","decl":{"start":{"line":191,"column":9},"end":{"line":191,"column":18}},"loc":{"start":{"line":191,"column":28},"end":{"line":198,"column":1}},"line":191},"20":{"name":"formatHeadwind","decl":{"start":{"line":202,"column":9},"end":{"line":202,"column":23}},"loc":{"start":{"line":202,"column":34},"end":{"line":211,"column":1}},"line":202}},"branchMap":{"0":{"loc":{"start":{"line":6,"column":22},"end":{"line":16,"column":3}},"type":"binary-expr","locations":[{"start":{"line":6,"column":23},"end":{"line":6,"column":27}},{"start":{"line":6,"column":31},"end":{"line":6,"column":51}},{"start":{"line":6,"column":57},"end":{"line":16,"column":2}}],"line":6},"1":{"loc":{"start":{"line":6,"column":57},"end":{"line":16,"column":2}},"type":"cond-expr","locations":[{"start":{"line":6,"column":74},"end":{"line":13,"column":1}},{"start":{"line":13,"column":6},"end":{"line":16,"column":1}}],"line":6},"2":{"loc":{"start":{"line":7,"column":4},"end":{"line":7,"column":33}},"type":"if","locations":[{"start":{"line":7,"column":4},"end":{"line":7,"column":33}},{"start":{},"end":{}}],"line":7},"3":{"loc":{"start":{"line":9,"column":4},"end":{"line":11,"column":5}},"type":"if","locations":[{"start":{"line":9,"column":4},"end":{"line":11,"column":5}},{"start":{},"end":{}}],"line":9},"4":{"loc":{"start":{"line":9,"column":8},"end":{"line":9,"column":85}},"type":"binary-expr","locations":[{"start":{"line":9,"column":8},"end":{"line":9,"column":13}},{"start":{"line":9,"column":18},"end":{"line":9,"column":84}}],"line":9},"5":{"loc":{"start":{"line":9,"column":18},"end":{"line":9,"column":84}},"type":"cond-expr","locations":[{"start":{"line":9,"column":34},"end":{"line":9,"column":47}},{"start":{"line":9,"column":50},"end":{"line":9,"column":84}}],"line":9},"6":{"loc":{"start":{"line":9,"column":50},"end":{"line":9,"column":84}},"type":"binary-expr","locations":[{"start":{"line":9,"column":50},"end":{"line":9,"column":63}},{"start":{"line":9,"column":67},"end":{"line":9,"column":84}}],"line":9},"7":{"loc":{"start":{"line":14,"column":4},"end":{"line":14,"column":33}},"type":"if","locations":[{"start":{"line":14,"column":4},"end":{"line":14,"column":33}},{"start":{},"end":{}}],"line":14},"8":{"loc":{"start":{"line":17,"column":25},"end":{"line":21,"column":2}},"type":"binary-expr","locations":[{"start":{"line":17,"column":26},"end":{"line":17,"column":30}},{"start":{"line":17,"column":34},"end":{"line":17,"column":57}},{"start":{"line":17,"column":63},"end":{"line":21,"column":1}}],"line":17},"9":{"loc":{"start":{"line":17,"column":63},"end":{"line":21,"column":1}},"type":"cond-expr","locations":[{"start":{"line":17,"column":80},"end":{"line":19,"column":1}},{"start":{"line":19,"column":5},"end":{"line":21,"column":1}}],"line":17},"10":{"loc":{"start":{"line":22,"column":19},"end":{"line":38,"column":4}},"type":"binary-expr","locations":[{"start":{"line":22,"column":20},"end":{"line":22,"column":24}},{"start":{"line":22,"column":28},"end":{"line":22,"column":45}},{"start":{"line":22,"column":50},"end":{"line":38,"column":4}}],"line":22},"11":{"loc":{"start":{"line":24,"column":18},"end":{"line":28,"column":9}},"type":"binary-expr","locations":[{"start":{"line":24,"column":18},"end":{"line":24,"column":44}},{"start":{"line":24,"column":48},"end":{"line":28,"column":9}}],"line":24},"12":{"loc":{"start":{"line":26,"column":29},"end":{"line":26,"column":95}},"type":"if","locations":[{"start":{"line":26,"column":29},"end":{"line":26,"column":95}},{"start":{},"end":{}}],"line":26},"13":{"loc":{"start":{"line":32,"column":8},"end":{"line":32,"column":46}},"type":"if","locations":[{"start":{"line":32,"column":8},"end":{"line":32,"column":46}},{"start":{},"end":{}}],"line":32},"14":{"loc":{"start":{"line":32,"column":12},"end":{"line":32,"column":33}},"type":"binary-expr","locations":[{"start":{"line":32,"column":12},"end":{"line":32,"column":15}},{"start":{"line":32,"column":19},"end":{"line":32,"column":33}}],"line":32},"15":{"loc":{"start":{"line":34,"column":8},"end":{"line":34,"column":137}},"type":"if","locations":[{"start":{"line":34,"column":8},"end":{"line":34,"column":137}},{"start":{},"end":{}}],"line":34},"16":{"loc":{"start":{"line":34,"column":78},"end":{"line":34,"column":137}},"type":"if","locations":[{"start":{"line":34,"column":78},"end":{"line":34,"column":137}},{"start":{},"end":{}}],"line":34},"17":{"loc":{"start":{"line":106,"column":32},"end":{"line":106,"column":41}},"type":"default-arg","locations":[{"start":{"line":106,"column":38},"end":{"line":106,"column":41}}],"line":106},"18":{"loc":{"start":{"line":111,"column":4},"end":{"line":118,"column":5}},"type":"if","locations":[{"start":{"line":111,"column":4},"end":{"line":118,"column":5}},{"start":{"line":115,"column":9},"end":{"line":118,"column":5}}],"line":111},"19":{"loc":{"start":{"line":111,"column":8},"end":{"line":111,"column":56}},"type":"binary-expr","locations":[{"start":{"line":111,"column":8},"end":{"line":111,"column":29}},{"start":{"line":111,"column":33},"end":{"line":111,"column":56}}],"line":111},"20":{"loc":{"start":{"line":113,"column":14},"end":{"line":113,"column":73}},"type":"cond-expr","locations":[{"start":{"line":113,"column":32},"end":{"line":113,"column":61}},{"start":{"line":113,"column":64},"end":{"line":113,"column":73}}],"line":113},"21":{"loc":{"start":{"line":129,"column":50},"end":{"line":129,"column":59}},"type":"default-arg","locations":[{"start":{"line":129,"column":56},"end":{"line":129,"column":59}}],"line":129},"22":{"loc":{"start":{"line":130,"column":4},"end":{"line":135,"column":5}},"type":"if","locations":[{"start":{"line":130,"column":4},"end":{"line":135,"column":5}},{"start":{},"end":{}}],"line":130},"23":{"loc":{"start":{"line":140,"column":8},"end":{"line":143,"column":9}},"type":"if","locations":[{"start":{"line":140,"column":8},"end":{"line":143,"column":9}},{"start":{},"end":{}}],"line":140},"24":{"loc":{"start":{"line":147,"column":8},"end":{"line":149,"column":9}},"type":"if","locations":[{"start":{"line":147,"column":8},"end":{"line":149,"column":9}},{"start":{},"end":{}}],"line":147},"25":{"loc":{"start":{"line":151,"column":8},"end":{"line":155,"column":9}},"type":"if","locations":[{"start":{"line":151,"column":8},"end":{"line":155,"column":9}},{"start":{},"end":{}}],"line":151},"26":{"loc":{"start":{"line":151,"column":12},"end":{"line":151,"column":95}},"type":"binary-expr","locations":[{"start":{"line":151,"column":12},"end":{"line":151,"column":36}},{"start":{"line":151,"column":40},"end":{"line":151,"column":66}},{"start":{"line":151,"column":70},"end":{"line":151,"column":95}}],"line":151},"27":{"loc":{"start":{"line":165,"column":28},"end":{"line":165,"column":95}},"type":"cond-expr","locations":[{"start":{"line":165,"column":48},"end":{"line":165,"column":83}},{"start":{"line":165,"column":86},"end":{"line":165,"column":95}}],"line":165},"28":{"loc":{"start":{"line":171,"column":32},"end":{"line":171,"column":84}},"type":"cond-expr","locations":[{"start":{"line":171,"column":47},"end":{"line":171,"column":78}},{"start":{"line":171,"column":81},"end":{"line":171,"column":84}}],"line":171},"29":{"loc":{"start":{"line":194,"column":4},"end":{"line":196,"column":5}},"type":"if","locations":[{"start":{"line":194,"column":4},"end":{"line":196,"column":5}},{"start":{},"end":{}}],"line":194},"30":{"loc":{"start":{"line":204,"column":4},"end":{"line":209,"column":5}},"type":"if","locations":[{"start":{"line":204,"column":4},"end":{"line":209,"column":5}},{"start":{"line":207,"column":9},"end":{"line":209,"column":5}}],"line":204},"31":{"loc":{"start":{"line":207,"column":9},"end":{"line":209,"column":5}},"type":"if","locations":[{"start":{"line":207,"column":9},"end":{"line":209,"column":5}},{"start":{},"end":{}}],"line":207}},"s":{"0":1,"1":0,"2":0,"3":0,"4":0,"5":0,"6":0,"7":0,"8":0,"9":0,"10":0,"11":1,"12":0,"13":0,"14":1,"15":1,"16":0,"17":0,"18":0,"19":0,"20":0,"21":0,"22":0,"23":1,"24":1,"25":1,"26":0,"27":0,"28":0,"29":0,"30":0,"31":0,"32":0,"33":0,"34":0,"35":1,"36":1,"37":1,"38":1,"39":1,"40":1,"41":1,"42":1,"43":1,"44":1,"45":1,"46":1,"47":1,"48":16,"49":16,"50":14,"51":17,"52":17,"53":17,"54":17,"55":17,"56":17,"57":13,"58":7,"59":7,"60":7,"61":11,"62":11,"63":11,"64":3,"65":3,"66":8,"67":8,"68":11,"69":6,"70":1,"71":5,"72":5,"73":5,"74":5,"75":13,"76":5,"77":8,"78":8,"79":8,"80":8,"81":8,"82":8,"83":2,"84":2,"85":8,"86":5,"87":5,"88":3,"89":4,"90":4,"91":4,"92":4,"93":2,"94":2,"95":3,"96":3,"97":1,"98":2,"99":1,"100":1},"f":{"0":0,"1":0,"2":0,"3":0,"4":0,"5":1,"6":0,"7":0,"8":1,"9":16,"10":14,"11":17,"12":13,"13":7,"14":11,"15":6,"16":13,"17":3,"18":4,"19":4,"20":3},"b":{"0":[1,1,1],"1":[1,0],"2":[0,0],"3":[0,0],"4":[0,0],"5":[0,0],"6":[0,0],"7":[0,0],"8":[1,1,1],"9":[1,0],"10":[1,1,1],"11":[0,0],"12":[0,0],"13":[1,0],"14":[1,1],"15":[0,0],"16":[0,0],"17":[0],"18":[3,8],"19":[11,3],"20":[3,0],"21":[2],"22":[1,5],"23":[5,8],"24":[8,0],"25":[2,6],"26":[8,2,2],"27":[4,1],"28":[4,1],"29":[2,2],"30":[1,2],"31":[1,1]},"_coverageSchema":"1a1c01bbd47fc00a2c39e90264f33305004495a9","hash":"6d0e1ee1be5239826b46df162d1cba31638d48d5"}
,"/Users/nrioux/dev/VFRPlanner-plugin/src/services/vfrConditionRules.ts": {"path":"/Users/nrioux/dev/VFRPlanner-plugin/src/services/vfrConditionRules.ts","statementMap":{"0":{"start":{"line":7,"column":0},"end":{"line":7,"column":62}},"1":{"start":{"line":8,"column":0},"end":{"line":8,"column":126}},"2":{"start":{"line":9,"column":0},"end":{"line":9,"column":60}},"3":{"start":{"line":10,"column":0},"end":{"line":10,"column":36}},"4":{"start":{"line":11,"column":0},"end":{"line":11,"column":44}},"5":{"start":{"line":12,"column":28},"end":{"line":12,"column":67}},"6":{"start":{"line":13,"column":0},"end":{"line":13,"column":148}},"7":{"start":{"line":13,"column":93},"end":{"line":13,"column":142}},"8":{"start":{"line":14,"column":0},"end":{"line":14,"column":156}},"9":{"start":{"line":14,"column":97},"end":{"line":14,"column":150}},"10":{"start":{"line":19,"column":0},"end":{"line":131,"column":2}},"11":{"start":{"line":29,"column":25},"end":{"line":29,"column":44}},"12":{"start":{"line":41,"column":25},"end":{"line":41,"column":36}},"13":{"start":{"line":53,"column":25},"end":{"line":53,"column":38}},"14":{"start":{"line":65,"column":25},"end":{"line":65,"column":37}},"15":{"start":{"line":78,"column":25},"end":{"line":78,"column":77}},"16":{"start":{"line":90,"column":25},"end":{"line":90,"column":37}},"17":{"start":{"line":102,"column":25},"end":{"line":102,"column":40}},"18":{"start":{"line":115,"column":25},"end":{"line":115,"column":43}},"19":{"start":{"line":127,"column":25},"end":{"line":127,"column":81}},"20":{"start":{"line":140,"column":4},"end":{"line":253,"column":6}},"21":{"start":{"line":150,"column":29},"end":{"line":150,"column":48}},"22":{"start":{"line":162,"column":29},"end":{"line":162,"column":40}},"23":{"start":{"line":174,"column":29},"end":{"line":174,"column":42}},"24":{"start":{"line":187,"column":29},"end":{"line":187,"column":41}},"25":{"start":{"line":200,"column":29},"end":{"line":200,"column":81}},"26":{"start":{"line":212,"column":29},"end":{"line":212,"column":41}},"27":{"start":{"line":224,"column":29},"end":{"line":224,"column":44}},"28":{"start":{"line":237,"column":29},"end":{"line":237,"column":47}},"29":{"start":{"line":249,"column":29},"end":{"line":249,"column":85}},"30":{"start":{"line":264,"column":4},"end":{"line":266,"column":5}},"31":{"start":{"line":265,"column":8},"end":{"line":265,"column":54}},"32":{"start":{"line":267,"column":4},"end":{"line":269,"column":5}},"33":{"start":{"line":268,"column":8},"end":{"line":268,"column":54}},"34":{"start":{"line":270,"column":18},"end":{"line":270,"column":41}},"35":{"start":{"line":272,"column":4},"end":{"line":274,"column":5}},"36":{"start":{"line":273,"column":8},"end":{"line":273,"column":54}},"37":{"start":{"line":275,"column":26},"end":{"line":275,"column":107}},"38":{"start":{"line":275,"column":40},"end":{"line":275,"column":107}},"39":{"start":{"line":277,"column":4},"end":{"line":313,"column":5}},"40":{"start":{"line":278,"column":8},"end":{"line":285,"column":9}},"41":{"start":{"line":279,"column":12},"end":{"line":284,"column":14}},"42":{"start":{"line":286,"column":8},"end":{"line":293,"column":9}},"43":{"start":{"line":287,"column":12},"end":{"line":292,"column":14}},"44":{"start":{"line":297,"column":8},"end":{"line":304,"column":9}},"45":{"start":{"line":298,"column":12},"end":{"line":303,"column":14}},"46":{"start":{"line":305,"column":8},"end":{"line":312,"column":9}},"47":{"start":{"line":306,"column":12},"end":{"line":311,"column":14}},"48":{"start":{"line":314,"column":4},"end":{"line":314,"column":50}},"49":{"start":{"line":324,"column":18},"end":{"line":326,"column":37}},"50":{"start":{"line":327,"column":20},"end":{"line":327,"column":22}},"51":{"start":{"line":328,"column":18},"end":{"line":328,"column":23}},"52":{"start":{"line":329,"column":22},"end":{"line":329,"column":27}},"53":{"start":{"line":330,"column":4},"end":{"line":344,"column":5}},"54":{"start":{"line":331,"column":23},"end":{"line":331,"column":63}},"55":{"start":{"line":332,"column":8},"end":{"line":343,"column":9}},"56":{"start":{"line":333,"column":12},"end":{"line":333,"column":27}},"57":{"start":{"line":334,"column":12},"end":{"line":336,"column":13}},"58":{"start":{"line":335,"column":16},"end":{"line":335,"column":45}},"59":{"start":{"line":338,"column":13},"end":{"line":343,"column":9}},"60":{"start":{"line":339,"column":12},"end":{"line":339,"column":31}},"61":{"start":{"line":340,"column":12},"end":{"line":342,"column":13}},"62":{"start":{"line":341,"column":16},"end":{"line":341,"column":45}},"63":{"start":{"line":345,"column":4},"end":{"line":347,"column":5}},"64":{"start":{"line":346,"column":8},"end":{"line":346,"column":46}},"65":{"start":{"line":348,"column":4},"end":{"line":350,"column":5}},"66":{"start":{"line":349,"column":8},"end":{"line":349,"column":50}},"67":{"start":{"line":351,"column":4},"end":{"line":351,"column":46}},"68":{"start":{"line":357,"column":0},"end":{"line":394,"column":2}}},"fnMap":{"0":{"name":"(anonymous_0)","decl":{"start":{"line":13,"column":79},"end":{"line":13,"column":80}},"loc":{"start":{"line":13,"column":91},"end":{"line":13,"column":144}},"line":13},"1":{"name":"(anonymous_1)","decl":{"start":{"line":14,"column":83},"end":{"line":14,"column":84}},"loc":{"start":{"line":14,"column":95},"end":{"line":14,"column":152}},"line":14},"2":{"name":"(anonymous_2)","decl":{"start":{"line":29,"column":18},"end":{"line":29,"column":19}},"loc":{"start":{"line":29,"column":25},"end":{"line":29,"column":44}},"line":29},"3":{"name":"(anonymous_3)","decl":{"start":{"line":41,"column":18},"end":{"line":41,"column":19}},"loc":{"start":{"line":41,"column":25},"end":{"line":41,"column":36}},"line":41},"4":{"name":"(anonymous_4)","decl":{"start":{"line":53,"column":18},"end":{"line":53,"column":19}},"loc":{"start":{"line":53,"column":25},"end":{"line":53,"column":38}},"line":53},"5":{"name":"(anonymous_5)","decl":{"start":{"line":65,"column":18},"end":{"line":65,"column":19}},"loc":{"start":{"line":65,"column":25},"end":{"line":65,"column":37}},"line":65},"6":{"name":"(anonymous_6)","decl":{"start":{"line":78,"column":18},"end":{"line":78,"column":19}},"loc":{"start":{"line":78,"column":25},"end":{"line":78,"column":77}},"line":78},"7":{"name":"(anonymous_7)","decl":{"start":{"line":90,"column":18},"end":{"line":90,"column":19}},"loc":{"start":{"line":90,"column":25},"end":{"line":90,"column":37}},"line":90},"8":{"name":"(anonymous_8)","decl":{"start":{"line":102,"column":18},"end":{"line":102,"column":19}},"loc":{"start":{"line":102,"column":25},"end":{"line":102,"column":40}},"line":102},"9":{"name":"(anonymous_9)","decl":{"start":{"line":115,"column":18},"end":{"line":115,"column":19}},"loc":{"start":{"line":115,"column":25},"end":{"line":115,"column":43}},"line":115},"10":{"name":"(anonymous_10)","decl":{"start":{"line":127,"column":18},"end":{"line":127,"column":19}},"loc":{"start":{"line":127,"column":25},"end":{"line":127,"column":81}},"line":127},"11":{"name":"buildRulesFromThresholds","decl":{"start":{"line":139,"column":9},"end":{"line":139,"column":33}},"loc":{"start":{"line":139,"column":46},"end":{"line":254,"column":1}},"line":139},"12":{"name":"(anonymous_12)","decl":{"start":{"line":150,"column":22},"end":{"line":150,"column":23}},"loc":{"start":{"line":150,"column":29},"end":{"line":150,"column":48}},"line":150},"13":{"name":"(anonymous_13)","decl":{"start":{"line":162,"column":22},"end":{"line":162,"column":23}},"loc":{"start":{"line":162,"column":29},"end":{"line":162,"column":40}},"line":162},"14":{"name":"(anonymous_14)","decl":{"start":{"line":174,"column":22},"end":{"line":174,"column":23}},"loc":{"start":{"line":174,"column":29},"end":{"line":174,"column":42}},"line":174},"15":{"name":"(anonymous_15)","decl":{"start":{"line":187,"column":22},"end":{"line":187,"column":23}},"loc":{"start":{"line":187,"column":29},"end":{"line":187,"column":41}},"line":187},"16":{"name":"(anonymous_16)","decl":{"start":{"line":200,"column":22},"end":{"line":200,"column":23}},"loc":{"start":{"line":200,"column":29},"end":{"line":200,"column":81}},"line":200},"17":{"name":"(anonymous_17)","decl":{"start":{"line":212,"column":22},"end":{"line":212,"column":23}},"loc":{"start":{"line":212,"column":29},"end":{"line":212,"column":41}},"line":212},"18":{"name":"(anonymous_18)","decl":{"start":{"line":224,"column":22},"end":{"line":224,"column":23}},"loc":{"start":{"line":224,"column":29},"end":{"line":224,"column":44}},"line":224},"19":{"name":"(anonymous_19)","decl":{"start":{"line":237,"column":22},"end":{"line":237,"column":23}},"loc":{"start":{"line":237,"column":29},"end":{"line":237,"column":47}},"line":237},"20":{"name":"(anonymous_20)","decl":{"start":{"line":249,"column":22},"end":{"line":249,"column":23}},"loc":{"start":{"line":249,"column":29},"end":{"line":249,"column":85}},"line":249},"21":{"name":"evaluateRule","decl":{"start":{"line":262,"column":9},"end":{"line":262,"column":21}},"loc":{"start":{"line":262,"column":50},"end":{"line":315,"column":1}},"line":262},"22":{"name":"(anonymous_22)","decl":{"start":{"line":275,"column":26},"end":{"line":275,"column":27}},"loc":{"start":{"line":275,"column":40},"end":{"line":275,"column":107}},"line":275},"23":{"name":"evaluateAllRules","decl":{"start":{"line":323,"column":9},"end":{"line":323,"column":25}},"loc":{"start":{"line":323,"column":60},"end":{"line":352,"column":1}},"line":323}},"branchMap":{"0":{"loc":{"start":{"line":78,"column":25},"end":{"line":78,"column":77}},"type":"cond-expr","locations":[{"start":{"line":78,"column":51},"end":{"line":78,"column":65}},{"start":{"line":78,"column":68},"end":{"line":78,"column":77}}],"line":78},"1":{"loc":{"start":{"line":127,"column":25},"end":{"line":127,"column":81}},"type":"cond-expr","locations":[{"start":{"line":127,"column":53},"end":{"line":127,"column":69}},{"start":{"line":127,"column":72},"end":{"line":127,"column":81}}],"line":127},"2":{"loc":{"start":{"line":200,"column":29},"end":{"line":200,"column":81}},"type":"cond-expr","locations":[{"start":{"line":200,"column":55},"end":{"line":200,"column":69}},{"start":{"line":200,"column":72},"end":{"line":200,"column":81}}],"line":200},"3":{"loc":{"start":{"line":249,"column":29},"end":{"line":249,"column":85}},"type":"cond-expr","locations":[{"start":{"line":249,"column":57},"end":{"line":249,"column":73}},{"start":{"line":249,"column":76},"end":{"line":249,"column":85}}],"line":249},"4":{"loc":{"start":{"line":264,"column":4},"end":{"line":266,"column":5}},"type":"if","locations":[{"start":{"line":264,"column":4},"end":{"line":266,"column":5}},{"start":{},"end":{}}],"line":264},"5":{"loc":{"start":{"line":264,"column":8},"end":{"line":264,"column":40}},"type":"binary-expr","locations":[{"start":{"line":264,"column":8},"end":{"line":264,"column":25}},{"start":{"line":264,"column":29},"end":{"line":264,"column":40}}],"line":264},"6":{"loc":{"start":{"line":267,"column":4},"end":{"line":269,"column":5}},"type":"if","locations":[{"start":{"line":267,"column":4},"end":{"line":269,"column":5}},{"start":{},"end":{}}],"line":267},"7":{"loc":{"start":{"line":267,"column":8},"end":{"line":267,"column":42}},"type":"binary-expr","locations":[{"start":{"line":267,"column":8},"end":{"line":267,"column":28}},{"start":{"line":267,"column":32},"end":{"line":267,"column":42}}],"line":267},"8":{"loc":{"start":{"line":272,"column":4},"end":{"line":274,"column":5}},"type":"if","locations":[{"start":{"line":272,"column":4},"end":{"line":274,"column":5}},{"start":{},"end":{}}],"line":272},"9":{"loc":{"start":{"line":277,"column":4},"end":{"line":313,"column":5}},"type":"if","locations":[{"start":{"line":277,"column":4},"end":{"line":313,"column":5}},{"start":{"line":295,"column":9},"end":{"line":313,"column":5}}],"line":277},"10":{"loc":{"start":{"line":278,"column":8},"end":{"line":285,"column":9}},"type":"if","locations":[{"start":{"line":278,"column":8},"end":{"line":285,"column":9}},{"start":{},"end":{}}],"line":278},"11":{"loc":{"start":{"line":286,"column":8},"end":{"line":293,"column":9}},"type":"if","locations":[{"start":{"line":286,"column":8},"end":{"line":293,"column":9}},{"start":{},"end":{}}],"line":286},"12":{"loc":{"start":{"line":297,"column":8},"end":{"line":304,"column":9}},"type":"if","locations":[{"start":{"line":297,"column":8},"end":{"line":304,"column":9}},{"start":{},"end":{}}],"line":297},"13":{"loc":{"start":{"line":305,"column":8},"end":{"line":312,"column":9}},"type":"if","locations":[{"start":{"line":305,"column":8},"end":{"line":312,"column":9}},{"start":{},"end":{}}],"line":305},"14":{"loc":{"start":{"line":324,"column":18},"end":{"line":326,"column":37}},"type":"cond-expr","locations":[{"start":{"line":325,"column":10},"end":{"line":325,"column":46}},{"start":{"line":326,"column":10},"end":{"line":326,"column":37}}],"line":324},"15":{"loc":{"start":{"line":332,"column":8},"end":{"line":343,"column":9}},"type":"if","locations":[{"start":{"line":332,"column":8},"end":{"line":343,"column":9}},{"start":{"line":338,"column":13},"end":{"line":343,"column":9}}],"line":332},"16":{"loc":{"start":{"line":334,"column":12},"end":{"line":336,"column":13}},"type":"if","locations":[{"start":{"line":334,"column":12},"end":{"line":336,"column":13}},{"start":{},"end":{}}],"line":334},"17":{"loc":{"start":{"line":338,"column":13},"end":{"line":343,"column":9}},"type":"if","locations":[{"start":{"line":338,"column":13},"end":{"line":343,"column":9}},{"start":{},"end":{}}],"line":338},"18":{"loc":{"start":{"line":340,"column":12},"end":{"line":342,"column":13}},"type":"if","locations":[{"start":{"line":340,"column":12},"end":{"line":342,"column":13}},{"start":{},"end":{}}],"line":340},"19":{"loc":{"start":{"line":345,"column":4},"end":{"line":347,"column":5}},"type":"if","locations":[{"start":{"line":345,"column":4},"end":{"line":347,"column":5}},{"start":{},"end":{}}],"line":345},"20":{"loc":{"start":{"line":348,"column":4},"end":{"line":350,"column":5}},"type":"if","locations":[{"start":{"line":348,"column":4},"end":{"line":350,"column":5}},{"start":{},"end":{}}],"line":348}},"s":{"0":1,"1":1,"2":1,"3":1,"4":1,"5":1,"6":1,"7":5,"8":1,"9":2,"10":1,"11":5,"12":2,"13":2,"14":5,"15":13,"16":9,"17":9,"18":10,"19":9,"20":7,"21":0,"22":0,"23":0,"24":0,"25":2,"26":2,"27":2,"28":2,"29":2,"30":114,"31":37,"32":77,"33":3,"34":74,"35":74,"36":3,"37":71,"38":17,"39":71,"40":51,"41":6,"42":45,"43":6,"44":20,"45":4,"46":16,"47":1,"48":54,"49":11,"50":11,"51":11,"52":11,"53":11,"54":99,"55":99,"56":6,"57":6,"58":6,"59":93,"60":3,"61":3,"62":3,"63":11,"64":3,"65":8,"66":3,"67":5,"68":1},"f":{"0":5,"1":2,"2":5,"3":2,"4":2,"5":5,"6":13,"7":9,"8":9,"9":10,"10":9,"11":7,"12":0,"13":0,"14":0,"15":0,"16":2,"17":2,"18":2,"19":2,"20":2,"21":114,"22":17,"23":11},"b":{"0":[11,2],"1":[8,1],"2":[2,0],"3":[2,0],"4":[37,77],"5":[114,51],"6":[3,74],"7":[77,15],"8":[3,71],"9":[51,20],"10":[6,45],"11":[6,39],"12":[4,16],"13":[1,15],"14":[2,9],"15":[6,93],"16":[6,0],"17":[3,90],"18":[3,0],"19":[3,8],"20":[3,5]},"_coverageSchema":"1a1c01bbd47fc00a2c39e90264f33305004495a9","hash":"ecc7a2973cb7354403aa2f03280d95e74fa76418"}
,"/Users/nrioux/dev/VFRPlanner-plugin/src/services/weatherHelpers.ts": {"path":"/Users/nrioux/dev/VFRPlanner-plugin/src/services/weatherHelpers.ts","statementMap":{"0":{"start":{"line":6,"column":0},"end":{"line":6,"column":62}},"1":{"start":{"line":7,"column":0},"end":{"line":7,"column":59}},"2":{"start":{"line":8,"column":0},"end":{"line":8,"column":58}},"3":{"start":{"line":9,"column":0},"end":{"line":9,"column":44}},"4":{"start":{"line":10,"column":0},"end":{"line":10,"column":60}},"5":{"start":{"line":11,"column":0},"end":{"line":11,"column":50}},"6":{"start":{"line":12,"column":0},"end":{"line":12,"column":56}},"7":{"start":{"line":13,"column":0},"end":{"line":13,"column":48}},"8":{"start":{"line":14,"column":0},"end":{"line":14,"column":48}},"9":{"start":{"line":15,"column":0},"end":{"line":15,"column":68}},"10":{"start":{"line":16,"column":0},"end":{"line":16,"column":52}},"11":{"start":{"line":17,"column":16},"end":{"line":17,"column":41}},"12":{"start":{"line":18,"column":20},"end":{"line":18,"column":49}},"13":{"start":{"line":19,"column":17},"end":{"line":19,"column":36}},"14":{"start":{"line":21,"column":0},"end":{"line":21,"column":32}},"15":{"start":{"line":23,"column":0},"end":{"line":23,"column":31}},"16":{"start":{"line":31,"column":4},"end":{"line":33,"column":5}},"17":{"start":{"line":32,"column":8},"end":{"line":32,"column":88}},"18":{"start":{"line":34,"column":23},"end":{"line":34,"column":46}},"19":{"start":{"line":36,"column":4},"end":{"line":38,"column":5}},"20":{"start":{"line":37,"column":8},"end":{"line":37,"column":88}},"21":{"start":{"line":40,"column":4},"end":{"line":43,"column":5}},"22":{"start":{"line":41,"column":24},"end":{"line":41,"column":45}},"23":{"start":{"line":42,"column":8},"end":{"line":42,"column":100}},"24":{"start":{"line":45,"column":4},"end":{"line":56,"column":5}},"25":{"start":{"line":45,"column":17},"end":{"line":45,"column":18}},"26":{"start":{"line":46,"column":8},"end":{"line":55,"column":9}},"27":{"start":{"line":47,"column":29},"end":{"line":47,"column":62}},"28":{"start":{"line":48,"column":29},"end":{"line":48,"column":87}},"29":{"start":{"line":49,"column":12},"end":{"line":54,"column":14}},"30":{"start":{"line":58,"column":23},"end":{"line":58,"column":24}},"31":{"start":{"line":59,"column":22},"end":{"line":59,"column":58}},"32":{"start":{"line":60,"column":4},"end":{"line":66,"column":5}},"33":{"start":{"line":60,"column":17},"end":{"line":60,"column":18}},"34":{"start":{"line":61,"column":21},"end":{"line":61,"column":57}},"35":{"start":{"line":62,"column":8},"end":{"line":65,"column":9}},"36":{"start":{"line":63,"column":12},"end":{"line":63,"column":31}},"37":{"start":{"line":64,"column":12},"end":{"line":64,"column":29}},"38":{"start":{"line":67,"column":4},"end":{"line":72,"column":6}},"39":{"start":{"line":82,"column":20},"end":{"line":82,"column":77}},"40":{"start":{"line":83,"column":20},"end":{"line":83,"column":77}},"41":{"start":{"line":84,"column":4},"end":{"line":85,"column":20}},"42":{"start":{"line":85,"column":8},"end":{"line":85,"column":20}},"43":{"start":{"line":86,"column":4},"end":{"line":87,"column":22}},"44":{"start":{"line":87,"column":8},"end":{"line":87,"column":22}},"45":{"start":{"line":88,"column":4},"end":{"line":89,"column":22}},"46":{"start":{"line":89,"column":8},"end":{"line":89,"column":22}},"47":{"start":{"line":90,"column":4},"end":{"line":90,"column":49}},"48":{"start":{"line":100,"column":4},"end":{"line":101,"column":20}},"49":{"start":{"line":101,"column":8},"end":{"line":101,"column":20}},"50":{"start":{"line":102,"column":4},"end":{"line":103,"column":20}},"51":{"start":{"line":103,"column":8},"end":{"line":103,"column":20}},"52":{"start":{"line":104,"column":15},"end":{"line":104,"column":26}},"53":{"start":{"line":105,"column":4},"end":{"line":106,"column":20}},"54":{"start":{"line":106,"column":8},"end":{"line":106,"column":20}},"55":{"start":{"line":107,"column":4},"end":{"line":108,"column":20}},"56":{"start":{"line":108,"column":8},"end":{"line":108,"column":20}},"57":{"start":{"line":109,"column":17},"end":{"line":109,"column":39}},"58":{"start":{"line":110,"column":4},"end":{"line":111,"column":22}},"59":{"start":{"line":111,"column":8},"end":{"line":111,"column":22}},"60":{"start":{"line":112,"column":4},"end":{"line":113,"column":22}},"61":{"start":{"line":113,"column":8},"end":{"line":113,"column":22}},"62":{"start":{"line":114,"column":4},"end":{"line":114,"column":18}},"63":{"start":{"line":123,"column":4},"end":{"line":124,"column":20}},"64":{"start":{"line":124,"column":8},"end":{"line":124,"column":20}},"65":{"start":{"line":125,"column":18},"end":{"line":125,"column":41}},"66":{"start":{"line":126,"column":18},"end":{"line":126,"column":41}},"67":{"start":{"line":127,"column":4},"end":{"line":129,"column":5}},"68":{"start":{"line":128,"column":8},"end":{"line":128,"column":63}},"69":{"start":{"line":130,"column":4},"end":{"line":130,"column":63}},"70":{"start":{"line":138,"column":4},"end":{"line":139,"column":21}},"71":{"start":{"line":139,"column":8},"end":{"line":139,"column":21}},"72":{"start":{"line":140,"column":26},"end":{"line":140,"column":68}},"73":{"start":{"line":141,"column":4},"end":{"line":143,"column":5}},"74":{"start":{"line":142,"column":8},"end":{"line":142,"column":21}},"75":{"start":{"line":144,"column":4},"end":{"line":144,"column":45}},"76":{"start":{"line":152,"column":4},"end":{"line":153,"column":19}},"77":{"start":{"line":153,"column":8},"end":{"line":153,"column":19}},"78":{"start":{"line":154,"column":4},"end":{"line":155,"column":17}},"79":{"start":{"line":155,"column":8},"end":{"line":155,"column":17}},"80":{"start":{"line":156,"column":4},"end":{"line":157,"column":17}},"81":{"start":{"line":157,"column":8},"end":{"line":157,"column":17}},"82":{"start":{"line":158,"column":4},"end":{"line":159,"column":18}},"83":{"start":{"line":159,"column":8},"end":{"line":159,"column":18}},"84":{"start":{"line":160,"column":4},"end":{"line":160,"column":14}},"85":{"start":{"line":170,"column":24},"end":{"line":170,"column":50}},"86":{"start":{"line":171,"column":4},"end":{"line":172,"column":27}},"87":{"start":{"line":172,"column":8},"end":{"line":172,"column":27}},"88":{"start":{"line":173,"column":19},"end":{"line":173,"column":56}},"89":{"start":{"line":174,"column":24},"end":{"line":174,"column":76}},"90":{"start":{"line":175,"column":21},"end":{"line":175,"column":56}},"91":{"start":{"line":176,"column":21},"end":{"line":176,"column":56}},"92":{"start":{"line":177,"column":20},"end":{"line":179,"column":18}},"93":{"start":{"line":180,"column":4},"end":{"line":180,"column":54}},"94":{"start":{"line":189,"column":4},"end":{"line":189,"column":78}},"95":{"start":{"line":199,"column":4},"end":{"line":206,"column":7}},"96":{"start":{"line":200,"column":8},"end":{"line":205,"column":22}},"97":{"start":{"line":201,"column":12},"end":{"line":203,"column":13}},"98":{"start":{"line":202,"column":16},"end":{"line":202,"column":91}},"99":{"start":{"line":204,"column":12},"end":{"line":204,"column":26}}},"fnMap":{"0":{"name":"getInterpolationIndices","decl":{"start":{"line":30,"column":9},"end":{"line":30,"column":32}},"loc":{"start":{"line":30,"column":53},"end":{"line":73,"column":1}},"line":30},"1":{"name":"interpolateValue","decl":{"start":{"line":81,"column":9},"end":{"line":81,"column":25}},"loc":{"start":{"line":81,"column":52},"end":{"line":91,"column":1}},"line":81},"2":{"name":"interpolateWindDirection","decl":{"start":{"line":99,"column":9},"end":{"line":99,"column":33}},"loc":{"start":{"line":99,"column":56},"end":{"line":115,"column":1}},"line":99},"3":{"name":"extractWeatherValue","decl":{"start":{"line":122,"column":9},"end":{"line":122,"column":28}},"loc":{"start":{"line":122,"column":43},"end":{"line":131,"column":1}},"line":122},"4":{"name":"formatCloudBaseDisplay","decl":{"start":{"line":137,"column":9},"end":{"line":137,"column":31}},"loc":{"start":{"line":137,"column":49},"end":{"line":145,"column":1}},"line":137},"5":{"name":"estimateVisibility","decl":{"start":{"line":151,"column":9},"end":{"line":151,"column":27}},"loc":{"start":{"line":151,"column":38},"end":{"line":161,"column":1}},"line":151},"6":{"name":"extractSurfaceWind","decl":{"start":{"line":169,"column":9},"end":{"line":169,"column":27}},"loc":{"start":{"line":169,"column":59},"end":{"line":181,"column":1}},"line":169},"7":{"name":"calculateWaypointArrivalTime","decl":{"start":{"line":188,"column":9},"end":{"line":188,"column":37}},"loc":{"start":{"line":188,"column":75},"end":{"line":190,"column":1}},"line":188},"8":{"name":"createWeatherTimeout","decl":{"start":{"line":198,"column":9},"end":{"line":198,"column":29}},"loc":{"start":{"line":198,"column":78},"end":{"line":207,"column":1}},"line":198},"9":{"name":"(anonymous_9)","decl":{"start":{"line":199,"column":23},"end":{"line":199,"column":24}},"loc":{"start":{"line":199,"column":36},"end":{"line":206,"column":5}},"line":199},"10":{"name":"(anonymous_10)","decl":{"start":{"line":200,"column":19},"end":{"line":200,"column":20}},"loc":{"start":{"line":200,"column":25},"end":{"line":205,"column":9}},"line":200}},"branchMap":{"0":{"loc":{"start":{"line":31,"column":4},"end":{"line":33,"column":5}},"type":"if","locations":[{"start":{"line":31,"column":4},"end":{"line":33,"column":5}},{"start":{},"end":{}}],"line":31},"1":{"loc":{"start":{"line":31,"column":8},"end":{"line":31,"column":46}},"type":"binary-expr","locations":[{"start":{"line":31,"column":8},"end":{"line":31,"column":19}},{"start":{"line":31,"column":23},"end":{"line":31,"column":46}}],"line":31},"2":{"loc":{"start":{"line":34,"column":23},"end":{"line":34,"column":46}},"type":"binary-expr","locations":[{"start":{"line":34,"column":23},"end":{"line":34,"column":29}},{"start":{"line":34,"column":33},"end":{"line":34,"column":46}}],"line":34},"3":{"loc":{"start":{"line":36,"column":4},"end":{"line":38,"column":5}},"type":"if","locations":[{"start":{"line":36,"column":4},"end":{"line":38,"column":5}},{"start":{},"end":{}}],"line":36},"4":{"loc":{"start":{"line":40,"column":4},"end":{"line":43,"column":5}},"type":"if","locations":[{"start":{"line":40,"column":4},"end":{"line":43,"column":5}},{"start":{},"end":{}}],"line":40},"5":{"loc":{"start":{"line":46,"column":8},"end":{"line":55,"column":9}},"type":"if","locations":[{"start":{"line":46,"column":8},"end":{"line":55,"column":9}},{"start":{},"end":{}}],"line":46},"6":{"loc":{"start":{"line":46,"column":12},"end":{"line":46,"column":74}},"type":"binary-expr","locations":[{"start":{"line":46,"column":12},"end":{"line":46,"column":39}},{"start":{"line":46,"column":43},"end":{"line":46,"column":74}}],"line":46},"7":{"loc":{"start":{"line":48,"column":29},"end":{"line":48,"column":87}},"type":"cond-expr","locations":[{"start":{"line":48,"column":44},"end":{"line":48,"column":83}},{"start":{"line":48,"column":86},"end":{"line":48,"column":87}}],"line":48},"8":{"loc":{"start":{"line":53,"column":36},"end":{"line":53,"column":64}},"type":"binary-expr","locations":[{"start":{"line":53,"column":36},"end":{"line":53,"column":48}},{"start":{"line":53,"column":52},"end":{"line":53,"column":64}}],"line":53},"9":{"loc":{"start":{"line":62,"column":8},"end":{"line":65,"column":9}},"type":"if","locations":[{"start":{"line":62,"column":8},"end":{"line":65,"column":9}},{"start":{},"end":{}}],"line":62},"10":{"loc":{"start":{"line":82,"column":20},"end":{"line":82,"column":77}},"type":"binary-expr","locations":[{"start":{"line":82,"column":20},"end":{"line":82,"column":35}},{"start":{"line":82,"column":39},"end":{"line":82,"column":59}},{"start":{"line":82,"column":63},"end":{"line":82,"column":77}}],"line":82},"11":{"loc":{"start":{"line":83,"column":20},"end":{"line":83,"column":77}},"type":"binary-expr","locations":[{"start":{"line":83,"column":20},"end":{"line":83,"column":35}},{"start":{"line":83,"column":39},"end":{"line":83,"column":59}},{"start":{"line":83,"column":63},"end":{"line":83,"column":77}}],"line":83},"12":{"loc":{"start":{"line":84,"column":4},"end":{"line":85,"column":20}},"type":"if","locations":[{"start":{"line":84,"column":4},"end":{"line":85,"column":20}},{"start":{},"end":{}}],"line":84},"13":{"loc":{"start":{"line":84,"column":8},"end":{"line":84,"column":28}},"type":"binary-expr","locations":[{"start":{"line":84,"column":8},"end":{"line":84,"column":16}},{"start":{"line":84,"column":20},"end":{"line":84,"column":28}}],"line":84},"14":{"loc":{"start":{"line":86,"column":4},"end":{"line":87,"column":22}},"type":"if","locations":[{"start":{"line":86,"column":4},"end":{"line":87,"column":22}},{"start":{},"end":{}}],"line":86},"15":{"loc":{"start":{"line":88,"column":4},"end":{"line":89,"column":22}},"type":"if","locations":[{"start":{"line":88,"column":4},"end":{"line":89,"column":22}},{"start":{},"end":{}}],"line":88},"16":{"loc":{"start":{"line":100,"column":4},"end":{"line":101,"column":20}},"type":"if","locations":[{"start":{"line":100,"column":4},"end":{"line":101,"column":20}},{"start":{},"end":{}}],"line":100},"17":{"loc":{"start":{"line":102,"column":4},"end":{"line":103,"column":20}},"type":"if","locations":[{"start":{"line":102,"column":4},"end":{"line":103,"column":20}},{"start":{},"end":{}}],"line":102},"18":{"loc":{"start":{"line":105,"column":4},"end":{"line":106,"column":20}},"type":"if","locations":[{"start":{"line":105,"column":4},"end":{"line":106,"column":20}},{"start":{},"end":{}}],"line":105},"19":{"loc":{"start":{"line":107,"column":4},"end":{"line":108,"column":20}},"type":"if","locations":[{"start":{"line":107,"column":4},"end":{"line":108,"column":20}},{"start":{},"end":{}}],"line":107},"20":{"loc":{"start":{"line":110,"column":4},"end":{"line":111,"column":22}},"type":"if","locations":[{"start":{"line":110,"column":4},"end":{"line":111,"column":22}},{"start":{},"end":{}}],"line":110},"21":{"loc":{"start":{"line":112,"column":4},"end":{"line":113,"column":22}},"type":"if","locations":[{"start":{"line":112,"column":4},"end":{"line":113,"column":22}},{"start":{},"end":{}}],"line":112},"22":{"loc":{"start":{"line":123,"column":4},"end":{"line":124,"column":20}},"type":"if","locations":[{"start":{"line":123,"column":4},"end":{"line":124,"column":20}},{"start":{},"end":{}}],"line":123},"23":{"loc":{"start":{"line":123,"column":8},"end":{"line":123,"column":34}},"type":"binary-expr","locations":[{"start":{"line":123,"column":8},"end":{"line":123,"column":13}},{"start":{"line":123,"column":17},"end":{"line":123,"column":34}}],"line":123},"24":{"loc":{"start":{"line":127,"column":4},"end":{"line":129,"column":5}},"type":"if","locations":[{"start":{"line":127,"column":4},"end":{"line":129,"column":5}},{"start":{},"end":{}}],"line":127},"25":{"loc":{"start":{"line":130,"column":11},"end":{"line":130,"column":62}},"type":"cond-expr","locations":[{"start":{"line":130,"column":50},"end":{"line":130,"column":55}},{"start":{"line":130,"column":58},"end":{"line":130,"column":62}}],"line":130},"26":{"loc":{"start":{"line":130,"column":11},"end":{"line":130,"column":47}},"type":"binary-expr","locations":[{"start":{"line":130,"column":11},"end":{"line":130,"column":30}},{"start":{"line":130,"column":34},"end":{"line":130,"column":47}}],"line":130},"27":{"loc":{"start":{"line":138,"column":4},"end":{"line":139,"column":21}},"type":"if","locations":[{"start":{"line":138,"column":4},"end":{"line":139,"column":21}},{"start":{},"end":{}}],"line":138},"28":{"loc":{"start":{"line":141,"column":4},"end":{"line":143,"column":5}},"type":"if","locations":[{"start":{"line":141,"column":4},"end":{"line":143,"column":5}},{"start":{},"end":{}}],"line":141},"29":{"loc":{"start":{"line":152,"column":4},"end":{"line":153,"column":19}},"type":"if","locations":[{"start":{"line":152,"column":4},"end":{"line":153,"column":19}},{"start":{},"end":{}}],"line":152},"30":{"loc":{"start":{"line":154,"column":4},"end":{"line":155,"column":17}},"type":"if","locations":[{"start":{"line":154,"column":4},"end":{"line":155,"column":17}},{"start":{},"end":{}}],"line":154},"31":{"loc":{"start":{"line":156,"column":4},"end":{"line":157,"column":17}},"type":"if","locations":[{"start":{"line":156,"column":4},"end":{"line":157,"column":17}},{"start":{},"end":{}}],"line":156},"32":{"loc":{"start":{"line":158,"column":4},"end":{"line":159,"column":18}},"type":"if","locations":[{"start":{"line":158,"column":4},"end":{"line":159,"column":18}},{"start":{},"end":{}}],"line":158},"33":{"loc":{"start":{"line":171,"column":4},"end":{"line":172,"column":27}},"type":"if","locations":[{"start":{"line":171,"column":4},"end":{"line":172,"column":27}},{"start":{},"end":{}}],"line":171},"34":{"loc":{"start":{"line":171,"column":8},"end":{"line":171,"column":33}},"type":"binary-expr","locations":[{"start":{"line":171,"column":8},"end":{"line":171,"column":17}},{"start":{"line":171,"column":21},"end":{"line":171,"column":33}}],"line":171},"35":{"loc":{"start":{"line":174,"column":24},"end":{"line":174,"column":76}},"type":"cond-expr","locations":[{"start":{"line":174,"column":42},"end":{"line":174,"column":72}},{"start":{"line":174,"column":75},"end":{"line":174,"column":76}}],"line":174},"36":{"loc":{"start":{"line":175,"column":21},"end":{"line":175,"column":56}},"type":"binary-expr","locations":[{"start":{"line":175,"column":21},"end":{"line":175,"column":51}},{"start":{"line":175,"column":55},"end":{"line":175,"column":56}}],"line":175},"37":{"loc":{"start":{"line":176,"column":21},"end":{"line":176,"column":56}},"type":"binary-expr","locations":[{"start":{"line":176,"column":21},"end":{"line":176,"column":51}},{"start":{"line":176,"column":55},"end":{"line":176,"column":56}}],"line":176},"38":{"loc":{"start":{"line":177,"column":20},"end":{"line":179,"column":18}},"type":"cond-expr","locations":[{"start":{"line":178,"column":10},"end":{"line":178,"column":71}},{"start":{"line":179,"column":10},"end":{"line":179,"column":18}}],"line":177},"39":{"loc":{"start":{"line":198,"column":55},"end":{"line":198,"column":76}},"type":"default-arg","locations":[{"start":{"line":198,"column":71},"end":{"line":198,"column":76}}],"line":198},"40":{"loc":{"start":{"line":201,"column":12},"end":{"line":203,"column":13}},"type":"if","locations":[{"start":{"line":201,"column":12},"end":{"line":203,"column":13}},{"start":{},"end":{}}],"line":201},"41":{"loc":{"start":{"line":201,"column":16},"end":{"line":201,"column":45}},"type":"binary-expr","locations":[{"start":{"line":201,"column":16},"end":{"line":201,"column":29}},{"start":{"line":201,"column":33},"end":{"line":201,"column":45}}],"line":201}},"s":{"0":1,"1":1,"2":1,"3":1,"4":1,"5":1,"6":1,"7":1,"8":1,"9":1,"10":1,"11":1,"12":1,"13":1,"14":1,"15":1,"16":6,"17":1,"18":5,"19":5,"20":2,"21":3,"22":1,"23":1,"24":2,"25":2,"26":4,"27":2,"28":2,"29":2,"30":0,"31":0,"32":0,"33":0,"34":0,"35":0,"36":0,"37":0,"38":0,"39":13,"40":13,"41":13,"42":1,"43":12,"44":3,"45":9,"46":3,"47":6,"48":7,"49":1,"50":6,"51":1,"52":5,"53":5,"54":1,"55":5,"56":2,"57":5,"58":5,"59":0,"60":5,"61":2,"62":5,"63":6,"64":2,"65":4,"66":4,"67":4,"68":2,"69":2,"70":4,"71":1,"72":3,"73":3,"74":1,"75":2,"76":9,"77":1,"78":8,"79":2,"80":6,"81":2,"82":4,"83":2,"84":2,"85":3,"86":3,"87":1,"88":2,"89":2,"90":2,"91":2,"92":2,"93":2,"94":2,"95":0,"96":0,"97":0,"98":0,"99":0},"f":{"0":6,"1":13,"2":7,"3":6,"4":4,"5":9,"6":3,"7":2,"8":0,"9":0,"10":0},"b":{"0":[1,5],"1":[6,6],"2":[5,1],"3":[2,3],"4":[1,2],"5":[2,2],"6":[4,4],"7":[2,0],"8":[2,2],"9":[0,0],"10":[13,11,10],"11":[13,11,10],"12":[1,12],"13":[13,4],"14":[3,9],"15":[3,6],"16":[1,6],"17":[1,5],"18":[1,4],"19":[2,3],"20":[0,5],"21":[2,3],"22":[2,4],"23":[6,5],"24":[2,2],"25":[2,0],"26":[2,2],"27":[1,3],"28":[1,2],"29":[1,8],"30":[2,6],"31":[2,4],"32":[2,2],"33":[1,2],"34":[3,2],"35":[2,0],"36":[2,0],"37":[2,0],"38":[1,1],"39":[0],"40":[0,0],"41":[0,0]},"_coverageSchema":"1a1c01bbd47fc00a2c39e90264f33305004495a9","hash":"86a372485dde30ed95b76acae324140a995fccf2"}
,"/Users/nrioux/dev/VFRPlanner-plugin/src/utils/constants.ts": {"path":"/Users/nrioux/dev/VFRPlanner-plugin/src/utils/constants.ts","statementMap":{"0":{"start":{"line":6,"column":0},"end":{"line":6,"column":62}},"1":{"start":{"line":7,"column":0},"end":{"line":7,"column":545}},"2":{"start":{"line":9,"column":0},"end":{"line":9,"column":29}},"3":{"start":{"line":10,"column":0},"end":{"line":10,"column":51}},"4":{"start":{"line":11,"column":0},"end":{"line":11,"column":49}},"5":{"start":{"line":12,"column":0},"end":{"line":12,"column":30}},"6":{"start":{"line":14,"column":0},"end":{"line":14,"column":34}},"7":{"start":{"line":15,"column":0},"end":{"line":15,"column":36}},"8":{"start":{"line":16,"column":0},"end":{"line":16,"column":36}},"9":{"start":{"line":17,"column":0},"end":{"line":17,"column":36}},"10":{"start":{"line":18,"column":0},"end":{"line":18,"column":34}},"11":{"start":{"line":20,"column":0},"end":{"line":20,"column":35}},"12":{"start":{"line":21,"column":0},"end":{"line":21,"column":44}},"13":{"start":{"line":23,"column":0},"end":{"line":23,"column":35}},"14":{"start":{"line":24,"column":0},"end":{"line":24,"column":37}},"15":{"start":{"line":26,"column":0},"end":{"line":26,"column":56}},"16":{"start":{"line":27,"column":0},"end":{"line":27,"column":65}},"17":{"start":{"line":28,"column":0},"end":{"line":28,"column":64}},"18":{"start":{"line":30,"column":0},"end":{"line":30,"column":58}}},"fnMap":{},"branchMap":{},"s":{"0":1,"1":1,"2":1,"3":1,"4":1,"5":1,"6":1,"7":1,"8":1,"9":1,"10":1,"11":1,"12":1,"13":1,"14":1,"15":1,"16":1,"17":1,"18":1},"f":{},"b":{},"_coverageSchema":"1a1c01bbd47fc00a2c39e90264f33305004495a9","hash":"9c216d90fa7ac2cd9c2a3a703dc9492d38d553d5"}
,"/Users/nrioux/dev/VFRPlanner-plugin/src/utils/units.ts": {"path":"/Users/nrioux/dev/VFRPlanner-plugin/src/utils/units.ts","statementMap":{"0":{"start":{"line":6,"column":0},"end":{"line":6,"column":62}},"1":{"start":{"line":7,"column":0},"end":{"line":7,"column":36}},"2":{"start":{"line":8,"column":0},"end":{"line":8,"column":36}},"3":{"start":{"line":9,"column":0},"end":{"line":9,"column":30}},"4":{"start":{"line":10,"column":0},"end":{"line":10,"column":30}},"5":{"start":{"line":11,"column":0},"end":{"line":11,"column":32}},"6":{"start":{"line":12,"column":0},"end":{"line":12,"column":32}},"7":{"start":{"line":13,"column":0},"end":{"line":13,"column":42}},"8":{"start":{"line":14,"column":0},"end":{"line":14,"column":42}},"9":{"start":{"line":16,"column":23},"end":{"line":16,"column":30}},"10":{"start":{"line":17,"column":23},"end":{"line":17,"column":29}},"11":{"start":{"line":18,"column":20},"end":{"line":18,"column":27}},"12":{"start":{"line":19,"column":20},"end":{"line":19,"column":28}},"13":{"start":{"line":20,"column":21},"end":{"line":20,"column":25}},"14":{"start":{"line":21,"column":21},"end":{"line":21,"column":37}},"15":{"start":{"line":22,"column":22},"end":{"line":22,"column":28}},"16":{"start":{"line":27,"column":4},"end":{"line":27,"column":30}},"17":{"start":{"line":33,"column":4},"end":{"line":33,"column":33}},"18":{"start":{"line":39,"column":4},"end":{"line":39,"column":28}},"19":{"start":{"line":45,"column":4},"end":{"line":45,"column":31}},"20":{"start":{"line":51,"column":4},"end":{"line":51,"column":29}},"21":{"start":{"line":57,"column":4},"end":{"line":57,"column":33}},"22":{"start":{"line":63,"column":4},"end":{"line":63,"column":29}},"23":{"start":{"line":69,"column":4},"end":{"line":69,"column":29}}},"fnMap":{"0":{"name":"metersToFeet","decl":{"start":{"line":26,"column":9},"end":{"line":26,"column":21}},"loc":{"start":{"line":26,"column":25},"end":{"line":28,"column":1}},"line":26},"1":{"name":"feetToMeters","decl":{"start":{"line":32,"column":9},"end":{"line":32,"column":21}},"loc":{"start":{"line":32,"column":28},"end":{"line":34,"column":1}},"line":32},"2":{"name":"msToKnots","decl":{"start":{"line":38,"column":9},"end":{"line":38,"column":18}},"loc":{"start":{"line":38,"column":23},"end":{"line":40,"column":1}},"line":38},"3":{"name":"knotsToMs","decl":{"start":{"line":44,"column":9},"end":{"line":44,"column":18}},"loc":{"start":{"line":44,"column":26},"end":{"line":46,"column":1}},"line":44},"4":{"name":"nmToMeters","decl":{"start":{"line":50,"column":9},"end":{"line":50,"column":19}},"loc":{"start":{"line":50,"column":24},"end":{"line":52,"column":1}},"line":50},"5":{"name":"metersToNm","decl":{"start":{"line":56,"column":9},"end":{"line":56,"column":19}},"loc":{"start":{"line":56,"column":28},"end":{"line":58,"column":1}},"line":56},"6":{"name":"kelvinToCelsius","decl":{"start":{"line":62,"column":9},"end":{"line":62,"column":24}},"loc":{"start":{"line":62,"column":28},"end":{"line":64,"column":1}},"line":62},"7":{"name":"celsiusToKelvin","decl":{"start":{"line":68,"column":9},"end":{"line":68,"column":24}},"loc":{"start":{"line":68,"column":28},"end":{"line":70,"column":1}},"line":68}},"branchMap":{},"s":{"0":2,"1":2,"2":2,"3":2,"4":2,"5":2,"6":2,"7":2,"8":2,"9":2,"10":2,"11":2,"12":2,"13":2,"14":2,"15":2,"16":8,"17":4,"18":6,"19":3,"20":4,"21":3,"22":4,"23":3},"f":{"0":8,"1":4,"2":6,"3":3,"4":4,"5":3,"6":4,"7":3},"b":{},"_coverageSchema":"1a1c01bbd47fc00a2c39e90264f33305004495a9","hash":"128ef8fce80e71185209b6771ec2fc04bbd98d57"}
}
