TN:
SF:src/services/navigationCalc.ts
FN:6,(anonymous_0)
FN:10,(anonymous_1)
FN:13,(anonymous_2)
FN:17,(anonymous_3)
FN:19,(anonymous_4)
FN:22,(anonymous_5)
FN:23,(anonymous_6)
FN:24,(anonymous_7)
FN:31,(anonymous_8)
FN:55,calculateBearing
FN:63,calculateDistance
FN:73,calculateWindComponents
FN:89,calculateHeadwindComponent
FN:95,calculateGroundSpeed
FN:106,calculateLeg
FN:129,calculateFlightPlanNavigation
FN:139,(anonymous_16)
FN:179,formatDistance
FN:185,formatBearing
FN:191,formatEte
FN:202,formatHeadwind
FNF:21
FNH:14
FNDA:0,(anonymous_0)
FNDA:0,(anonymous_1)
FNDA:0,(anonymous_2)
FNDA:0,(anonymous_3)
FNDA:0,(anonymous_4)
FNDA:1,(anonymous_5)
FNDA:0,(anonymous_6)
FNDA:0,(anonymous_7)
FNDA:1,(anonymous_8)
FNDA:16,calculateBearing
FNDA:14,calculateDistance
FNDA:17,calculateWindComponents
FNDA:13,calculateHeadwindComponent
FNDA:7,calculateGroundSpeed
FNDA:11,calculateLeg
FNDA:6,calculateFlightPlanNavigation
FNDA:13,(anonymous_16)
FNDA:3,formatDistance
FNDA:4,formatBearing
FNDA:4,formatEte
FNDA:3,formatHeadwind
DA:6,1
DA:7,0
DA:8,0
DA:9,0
DA:10,0
DA:12,0
DA:14,0
DA:15,0
DA:17,1
DA:18,0
DA:20,0
DA:22,1
DA:23,1
DA:24,0
DA:25,0
DA:26,0
DA:27,0
DA:29,0
DA:31,1
DA:32,1
DA:33,0
DA:34,0
DA:35,0
DA:36,0
DA:39,1
DA:40,1
DA:41,1
DA:42,1
DA:43,1
DA:44,1
DA:45,1
DA:46,1
DA:47,1
DA:48,1
DA:49,1
DA:50,1
DA:51,1
DA:56,16
DA:58,16
DA:64,14
DA:75,17
DA:76,17
DA:78,17
DA:80,17
DA:82,17
DA:83,17
DA:90,13
DA:97,7
DA:100,7
DA:101,7
DA:107,11
DA:108,11
DA:111,11
DA:112,3
DA:113,3
DA:116,8
DA:117,8
DA:119,11
DA:130,6
DA:131,1
DA:136,5
DA:137,5
DA:138,5
DA:139,5
DA:140,13
DA:142,5
DA:144,8
DA:145,8
DA:146,8
DA:147,8
DA:148,8
DA:151,8
DA:152,2
DA:154,2
DA:156,8
DA:165,5
DA:166,5
DA:180,3
DA:186,4
DA:192,4
DA:193,4
DA:194,4
DA:195,2
DA:197,2
DA:203,3
DA:204,3
DA:205,1
DA:207,2
DA:208,1
DA:210,1
LF:90
LH:72
BRDA:6,0,0,1
BRDA:6,0,1,1
BRDA:6,0,2,1
BRDA:6,1,0,1
BRDA:6,1,1,0
BRDA:7,2,0,0
BRDA:7,2,1,0
BRDA:9,3,0,0
BRDA:9,3,1,0
BRDA:9,4,0,0
BRDA:9,4,1,0
BRDA:9,5,0,0
BRDA:9,5,1,0
BRDA:9,6,0,0
BRDA:9,6,1,0
BRDA:14,7,0,0
BRDA:14,7,1,0
BRDA:17,8,0,1
BRDA:17,8,1,1
BRDA:17,8,2,1
BRDA:17,9,0,1
BRDA:17,9,1,0
BRDA:22,10,0,1
BRDA:22,10,1,1
BRDA:22,10,2,1
BRDA:24,11,0,0
BRDA:24,11,1,0
BRDA:26,12,0,0
BRDA:26,12,1,0
BRDA:32,13,0,1
BRDA:32,13,1,0
BRDA:32,14,0,1
BRDA:32,14,1,1
BRDA:34,15,0,0
BRDA:34,15,1,0
BRDA:34,16,0,0
BRDA:34,16,1,0
BRDA:106,17,0,0
BRDA:111,18,0,3
BRDA:111,18,1,8
BRDA:111,19,0,11
BRDA:111,19,1,3
BRDA:113,20,0,3
BRDA:113,20,1,0
BRDA:129,21,0,2
BRDA:130,22,0,1
BRDA:130,22,1,5
BRDA:140,23,0,5
BRDA:140,23,1,8
BRDA:147,24,0,8
BRDA:147,24,1,0
BRDA:151,25,0,2
BRDA:151,25,1,6
BRDA:151,26,0,8
BRDA:151,26,1,2
BRDA:151,26,2,2
BRDA:165,27,0,4
BRDA:165,27,1,1
BRDA:171,28,0,4
BRDA:171,28,1,1
BRDA:194,29,0,2
BRDA:194,29,1,2
BRDA:204,30,0,1
BRDA:204,30,1,2
BRDA:207,31,0,1
BRDA:207,31,1,1
BRF:66
BRH:40
end_of_record
TN:
SF:src/services/vfrConditionRules.ts
FN:13,(anonymous_0)
FN:14,(anonymous_1)
FN:29,(anonymous_2)
FN:41,(anonymous_3)
FN:53,(anonymous_4)
FN:65,(anonymous_5)
FN:78,(anonymous_6)
FN:90,(anonymous_7)
FN:102,(anonymous_8)
FN:115,(anonymous_9)
FN:127,(anonymous_10)
FN:139,buildRulesFromThresholds
FN:150,(anonymous_12)
FN:162,(anonymous_13)
FN:174,(anonymous_14)
FN:187,(anonymous_15)
FN:200,(anonymous_16)
FN:212,(anonymous_17)
FN:224,(anonymous_18)
FN:237,(anonymous_19)
FN:249,(anonymous_20)
FN:262,evaluateRule
FN:275,(anonymous_22)
FN:323,evaluateAllRules
FNF:24
FNH:20
FNDA:5,(anonymous_0)
FNDA:2,(anonymous_1)
FNDA:5,(anonymous_2)
FNDA:2,(anonymous_3)
FNDA:2,(anonymous_4)
FNDA:5,(anonymous_5)
FNDA:13,(anonymous_6)
FNDA:9,(anonymous_7)
FNDA:9,(anonymous_8)
FNDA:10,(anonymous_9)
FNDA:9,(anonymous_10)
FNDA:7,buildRulesFromThresholds
FNDA:0,(anonymous_12)
FNDA:0,(anonymous_13)
FNDA:0,(anonymous_14)
FNDA:0,(anonymous_15)
FNDA:2,(anonymous_16)
FNDA:2,(anonymous_17)
FNDA:2,(anonymous_18)
FNDA:2,(anonymous_19)
FNDA:2,(anonymous_20)
FNDA:114,evaluateRule
FNDA:17,(anonymous_22)
FNDA:11,evaluateAllRules
DA:7,1
DA:8,1
DA:9,1
DA:10,1
DA:11,1
DA:12,1
DA:13,5
DA:14,2
DA:19,1
DA:29,5
DA:41,2
DA:53,2
DA:65,5
DA:78,13
DA:90,9
DA:102,9
DA:115,10
DA:127,9
DA:140,7
DA:150,0
DA:162,0
DA:174,0
DA:187,0
DA:200,2
DA:212,2
DA:224,2
DA:237,2
DA:249,2
DA:264,114
DA:265,37
DA:267,77
DA:268,3
DA:270,74
DA:272,74
DA:273,3
DA:275,71
DA:277,71
DA:278,51
DA:279,6
DA:286,45
DA:287,6
DA:297,20
DA:298,4
DA:305,16
DA:306,1
DA:314,54
DA:324,11
DA:327,11
DA:328,11
DA:329,11
DA:330,11
DA:331,99
DA:332,99
DA:333,6
DA:334,6
DA:335,6
DA:338,93
DA:339,3
DA:340,3
DA:341,3
DA:345,11
DA:346,3
DA:348,8
DA:349,3
DA:351,5
DA:357,1
LF:66
LH:62
BRDA:78,0,0,11
BRDA:78,0,1,2
BRDA:127,1,0,8
BRDA:127,1,1,1
BRDA:200,2,0,2
BRDA:200,2,1,0
BRDA:249,3,0,2
BRDA:249,3,1,0
BRDA:264,4,0,37
BRDA:264,4,1,77
BRDA:264,5,0,114
BRDA:264,5,1,51
BRDA:267,6,0,3
BRDA:267,6,1,74
BRDA:267,7,0,77
BRDA:267,7,1,15
BRDA:272,8,0,3
BRDA:272,8,1,71
BRDA:277,9,0,51
BRDA:277,9,1,20
BRDA:278,10,0,6
BRDA:278,10,1,45
BRDA:286,11,0,6
BRDA:286,11,1,39
BRDA:297,12,0,4
BRDA:297,12,1,16
BRDA:305,13,0,1
BRDA:305,13,1,15
BRDA:324,14,0,2
BRDA:324,14,1,9
BRDA:332,15,0,6
BRDA:332,15,1,93
BRDA:334,16,0,6
BRDA:334,16,1,0
BRDA:338,17,0,3
BRDA:338,17,1,90
BRDA:340,18,0,3
BRDA:340,18,1,0
BRDA:345,19,0,3
BRDA:345,19,1,8
BRDA:348,20,0,3
BRDA:348,20,1,5
BRF:42
BRH:38
end_of_record
TN:
SF:src/services/weatherHelpers.ts
FN:30,getInterpolationIndices
FN:81,interpolateValue
FN:99,interpolateWindDirection
FN:122,extractWeatherValue
FN:137,formatCloudBaseDisplay
FN:151,estimateVisibility
FN:169,extractSurfaceWind
FN:188,calculateWaypointArrivalTime
FN:198,createWeatherTimeout
FN:199,(anonymous_9)
FN:200,(anonymous_10)
FNF:11
FNH:8
FNDA:6,getInterpolationIndices
FNDA:13,interpolateValue
FNDA:7,interpolateWindDirection
FNDA:6,extractWeatherValue
FNDA:4,formatCloudBaseDisplay
FNDA:9,estimateVisibility
FNDA:3,extractSurfaceWind
FNDA:2,calculateWaypointArrivalTime
FNDA:0,createWeatherTimeout
FNDA:0,(anonymous_9)
FNDA:0,(anonymous_10)
DA:6,1
DA:7,1
DA:8,1
DA:9,1
DA:10,1
DA:11,1
DA:12,1
DA:13,1
DA:14,1
DA:15,1
DA:16,1
DA:17,1
DA:18,1
DA:19,1
DA:21,1
DA:23,1
DA:31,6
DA:32,1
DA:34,5
DA:36,5
DA:37,2
DA:40,3
DA:41,1
DA:42,1
DA:45,2
DA:46,4
DA:47,2
DA:48,2
DA:49,2
DA:58,0
DA:59,0
DA:60,0
DA:61,0
DA:62,0
DA:63,0
DA:64,0
DA:67,0
DA:82,13
DA:83,13
DA:84,13
DA:85,1
DA:86,12
DA:87,3
DA:88,9
DA:89,3
DA:90,6
DA:100,7
DA:101,1
DA:102,6
DA:103,1
DA:104,5
DA:105,5
DA:106,1
DA:107,5
DA:108,2
DA:109,5
DA:110,5
DA:111,0
DA:112,5
DA:113,2
DA:114,5
DA:123,6
DA:124,2
DA:125,4
DA:126,4
DA:127,4
DA:128,2
DA:130,2
DA:138,4
DA:139,1
DA:140,3
DA:141,3
DA:142,1
DA:144,2
DA:152,9
DA:153,1
DA:154,8
DA:155,2
DA:156,6
DA:157,2
DA:158,4
DA:159,2
DA:160,2
DA:170,3
DA:171,3
DA:172,1
DA:173,2
DA:174,2
DA:175,2
DA:176,2
DA:177,2
DA:180,2
DA:189,2
DA:199,0
DA:200,0
DA:201,0
DA:202,0
DA:204,0
LF:98
LH:84
BRDA:31,0,0,1
BRDA:31,0,1,5
BRDA:31,1,0,6
BRDA:31,1,1,6
BRDA:34,2,0,5
BRDA:34,2,1,1
BRDA:36,3,0,2
BRDA:36,3,1,3
BRDA:40,4,0,1
BRDA:40,4,1,2
BRDA:46,5,0,2
BRDA:46,5,1,2
BRDA:46,6,0,4
BRDA:46,6,1,4
BRDA:48,7,0,2
BRDA:48,7,1,0
BRDA:53,8,0,2
BRDA:53,8,1,2
BRDA:62,9,0,0
BRDA:62,9,1,0
BRDA:82,10,0,13
BRDA:82,10,1,11
BRDA:82,10,2,10
BRDA:83,11,0,13
BRDA:83,11,1,11
BRDA:83,11,2,10
BRDA:84,12,0,1
BRDA:84,12,1,12
BRDA:84,13,0,13
BRDA:84,13,1,4
BRDA:86,14,0,3
BRDA:86,14,1,9
BRDA:88,15,0,3
BRDA:88,15,1,6
BRDA:100,16,0,1
BRDA:100,16,1,6
BRDA:102,17,0,1
BRDA:102,17,1,5
BRDA:105,18,0,1
BRDA:105,18,1,4
BRDA:107,19,0,2
BRDA:107,19,1,3
BRDA:110,20,0,0
BRDA:110,20,1,5
BRDA:112,21,0,2
BRDA:112,21,1,3
BRDA:123,22,0,2
BRDA:123,22,1,4
BRDA:123,23,0,6
BRDA:123,23,1,5
BRDA:127,24,0,2
BRDA:127,24,1,2
BRDA:130,25,0,2
BRDA:130,25,1,0
BRDA:130,26,0,2
BRDA:130,26,1,2
BRDA:138,27,0,1
BRDA:138,27,1,3
BRDA:141,28,0,1
BRDA:141,28,1,2
BRDA:152,29,0,1
BRDA:152,29,1,8
BRDA:154,30,0,2
BRDA:154,30,1,6
BRDA:156,31,0,2
BRDA:156,31,1,4
BRDA:158,32,0,2
BRDA:158,32,1,2
BRDA:171,33,0,1
BRDA:171,33,1,2
BRDA:171,34,0,3
BRDA:171,34,1,2
BRDA:174,35,0,2
BRDA:174,35,1,0
BRDA:175,36,0,2
BRDA:175,36,1,0
BRDA:176,37,0,2
BRDA:176,37,1,0
BRDA:177,38,0,1
BRDA:177,38,1,1
BRDA:198,39,0,0
BRDA:201,40,0,0
BRDA:201,40,1,0
BRDA:201,41,0,0
BRDA:201,41,1,0
BRF:85
BRH:72
end_of_record
TN:
SF:src/utils/constants.ts
FNF:0
FNH:0
DA:6,1
DA:7,1
DA:9,1
DA:10,1
DA:11,1
DA:12,1
DA:14,1
DA:15,1
DA:16,1
DA:17,1
DA:18,1
DA:20,1
DA:21,1
DA:23,1
DA:24,1
DA:26,1
DA:27,1
DA:28,1
DA:30,1
LF:19
LH:19
BRF:0
BRH:0
end_of_record
TN:
SF:src/utils/units.ts
FN:26,metersToFeet
FN:32,feetToMeters
FN:38,msToKnots
FN:44,knotsToMs
FN:50,nmToMeters
FN:56,metersToNm
FN:62,kelvinToCelsius
FN:68,celsiusToKelvin
FNF:8
FNH:8
FNDA:8,metersToFeet
FNDA:4,feetToMeters
FNDA:6,msToKnots
FNDA:3,knotsToMs
FNDA:4,nmToMeters
FNDA:3,metersToNm
FNDA:4,kelvinToCelsius
FNDA:3,celsiusToKelvin
DA:6,2
DA:7,2
DA:8,2
DA:9,2
DA:10,2
DA:11,2
DA:12,2
DA:13,2
DA:14,2
DA:16,2
DA:17,2
DA:18,2
DA:19,2
DA:20,2
DA:21,2
DA:22,2
DA:27,8
DA:33,4
DA:39,6
DA:45,3
DA:51,4
DA:57,3
DA:63,4
DA:69,3
LF:24
LH:24
BRF:0
BRH:0
end_of_record
